android/app/build/intermediates/manifest_merge_blame_file/debug/processDebugMainManifest/manifest-merger-blame-debug-report.txt
1<?xml version="1.0" encoding="utf-8"?>
2<manifest xmlns:android="http://schemas.android.com/apk/res/android"
3    package="com.example.phonetrackpad"
4    android:versionCode="1"
5    android:versionName="1.0" >
6
7    <uses-sdk
8        android:minSdkVersion="26"
9        android:targetSdkVersion="34" />
10
11    <uses-permission android:name="android.permission.INTERNET" />
11-->src/main/AndroidManifest.xml:4:5-67
11-->src/main/AndroidManifest.xml:4:22-64
12
13    <permission
13-->[androidx.core:core:1.13.1] AndroidManifest.xml:22:5-24:47
14        android:name="com.example.phonetrackpad.DYNAMIC_RECEIVER_NOT_EXPORTED_PERMISSION"
14-->[androidx.core:core:1.13.1] AndroidManifest.xml:23:9-81
15        android:protectionLevel="signature" />
15-->[androidx.core:core:1.13.1] AndroidManifest.xml:24:9-44
16
17    <uses-permission android:name="com.example.phonetrackpad.DYNAMIC_RECEIVER_NOT_EXPORTED_PERMISSION" />
17-->[androidx.core:core:1.13.1] AndroidManifest.xml:26:5-97
17-->[androidx.core:core:1.13.1] AndroidManifest.xml:26:22-94
18
19    <application
19-->src/main/AndroidManifest.xml:6:5-23:19
20        android:allowBackup="true"
20-->src/main/AndroidManifest.xml:7:9-35
21        android:appComponentFactory="androidx.core.app.CoreComponentFactory"
21-->[androidx.core:core:1.13.1] AndroidManifest.xml:28:18-86
22        android:debuggable="true"
23        android:extractNativeLibs="false"
24        android:icon="@android:drawable/ic_menu_compass"
24-->src/main/AndroidManifest.xml:8:9-57
25        android:label="@string/app_name"
25-->src/main/AndroidManifest.xml:9:9-41
26        android:supportsRtl="true"
26-->src/main/AndroidManifest.xml:10:9-35
27        android:theme="@style/Theme.PhoneTrackpad"
27-->src/main/AndroidManifest.xml:11:9-51
28        android:usesCleartextTraffic="true" >
28-->src/main/AndroidManifest.xml:12:9-44
29        <activity
29-->src/main/AndroidManifest.xml:13:9-22:20
30            android:name="com.example.phonetrackpad.MainActivity"
30-->src/main/AndroidManifest.xml:14:13-41
31            android:configChanges="orientation|screenSize|keyboardHidden"
31-->src/main/AndroidManifest.xml:16:13-74
32            android:exported="true"
32-->src/main/AndroidManifest.xml:15:13-36
33            android:screenOrientation="unspecified" >
33-->src/main/AndroidManifest.xml:17:13-52
34            <intent-filter>
34-->src/main/AndroidManifest.xml:18:13-21:29
35                <action android:name="android.intent.action.MAIN" />
35-->src/main/AndroidManifest.xml:19:17-69
35-->src/main/AndroidManifest.xml:19:25-66
36
37                <category android:name="android.intent.category.LAUNCHER" />
37-->src/main/AndroidManifest.xml:20:17-77
37-->src/main/AndroidManifest.xml:20:27-74
38            </intent-filter>
39        </activity>
40
41        <provider
41-->[androidx.profileinstaller:profileinstaller:1.3.1] AndroidManifest.xml:24:9-32:20
42            android:name="androidx.startup.InitializationProvider"
42-->[androidx.profileinstaller:profileinstaller:1.3.1] AndroidManifest.xml:25:13-67
43            android:authorities="com.example.phonetrackpad.androidx-startup"
43-->[androidx.profileinstaller:profileinstaller:1.3.1] AndroidManifest.xml:26:13-68
44            android:exported="false" >
44-->[androidx.profileinstaller:profileinstaller:1.3.1] AndroidManifest.xml:27:13-37
45            <meta-data
45-->[androidx.profileinstaller:profileinstaller:1.3.1] AndroidManifest.xml:29:13-31:52
46                android:name="androidx.profileinstaller.ProfileInstallerInitializer"
46-->[androidx.profileinstaller:profileinstaller:1.3.1] AndroidManifest.xml:30:17-85
47                android:value="androidx.startup" />
47-->[androidx.profileinstaller:profileinstaller:1.3.1] AndroidManifest.xml:31:17-49
48        </provider>
49
50        <receiver
50-->[androidx.profileinstaller:profileinstaller:1.3.1] AndroidManifest.xml:34:9-52:20
51            android:name="androidx.profileinstaller.ProfileInstallReceiver"
51-->[androidx.profileinstaller:profileinstaller:1.3.1] AndroidManifest.xml:35:13-76
52            android:directBootAware="false"
52-->[androidx.profileinstaller:profileinstaller:1.3.1] AndroidManifest.xml:36:13-44
53            android:enabled="true"
53-->[androidx.profileinstaller:profileinstaller:1.3.1] AndroidManifest.xml:37:13-35
54            android:exported="true"
54-->[androidx.profileinstaller:profileinstaller:1.3.1] AndroidManifest.xml:38:13-36
55            android:permission="android.permission.DUMP" >
55-->[androidx.profileinstaller:profileinstaller:1.3.1] AndroidManifest.xml:39:13-57
56            <intent-filter>
56-->[androidx.profileinstaller:profileinstaller:1.3.1] AndroidManifest.xml:40:13-42:29
57                <action android:name="androidx.profileinstaller.action.INSTALL_PROFILE" />
57-->[androidx.profileinstaller:profileinstaller:1.3.1] AndroidManifest.xml:41:17-91
57-->[androidx.profileinstaller:profileinstaller:1.3.1] AndroidManifest.xml:41:25-88
58            </intent-filter>
59            <intent-filter>
59-->[androidx.profileinstaller:profileinstaller:1.3.1] AndroidManifest.xml:43:13-45:29
60                <action android:name="androidx.profileinstaller.action.SKIP_FILE" />
60-->[androidx.profileinstaller:profileinstaller:1.3.1] AndroidManifest.xml:44:17-85
60-->[androidx.profileinstaller:profileinstaller:1.3.1] AndroidManifest.xml:44:25-82
61            </intent-filter>
62            <intent-filter>
62-->[androidx.profileinstaller:profileinstaller:1.3.1] AndroidManifest.xml:46:13-48:29
63                <action android:name="androidx.profileinstaller.action.SAVE_PROFILE" />
63-->[androidx.profileinstaller:profileinstaller:1.3.1] AndroidManifest.xml:47:17-88
63-->[androidx.profileinstaller:profileinstaller:1.3.1] AndroidManifest.xml:47:25-85
64            </intent-filter>
65            <intent-filter>
65-->[androidx.profileinstaller:profileinstaller:1.3.1] AndroidManifest.xml:49:13-51:29
66                <action android:name="androidx.profileinstaller.action.BENCHMARK_OPERATION" />
66-->[androidx.profileinstaller:profileinstaller:1.3.1] AndroidManifest.xml:50:17-95
66-->[androidx.profileinstaller:profileinstaller:1.3.1] AndroidManifest.xml:50:25-92
67            </intent-filter>
68        </receiver>
69    </application>
70
71</manifest>